[2022-06-03 00:36:17,881][test_login.py 44][INFO]: code ==>> 期望结果：None， 实际结果：【 None 】
[2022-06-03 00:37:41,764][test_login.py 44][INFO]: code ==>> 期望结果：None， 实际结果：【 OK 】
[2022-06-03 00:39:35,925][test_login.py 44][INFO]: code ==>> 期望结果：None， 实际结果：【 OK 】
[2022-06-03 00:39:59,374][test_login.py 44][INFO]: code ==>> 期望结果：None， 实际结果：【 OK 】
[2022-06-03 00:41:07,570][test_login.py 44][INFO]: code ==>> 期望结果：None， 实际结果：【 OK 】
[2022-06-03 00:41:17,212][test_login.py 44][INFO]: code ==>> 期望结果：None， 实际结果：【 OK 】
[2022-06-03 00:42:00,208][test_login.py 44][INFO]: code ==>> 期望结果：OK， 实际结果：【 OK 】
[2022-06-03 00:58:24,282][test_01_login.py 43][INFO]: code ==>> 期望结果：OK， 实际结果：【 OK 】
[2022-06-03 00:59:12,923][test_01_login.py 43][INFO]: code ==>> 期望结果：OK， 实际结果：【 OK 】
[2022-06-03 00:59:58,277][test_01_login.py 43][INFO]: code ==>> 期望结果：OK， 实际结果：【 OK 】
[2022-06-03 01:00:30,254][test_01_login.py 43][INFO]: code ==>> 期望结果：OK， 实际结果：【 OK 】
[2022-06-03 01:01:23,258][test_01_login.py 43][INFO]: code ==>> 期望结果：OK， 实际结果：【 OK 】
[2022-06-03 01:01:33,920][test_01_login.py 43][INFO]: code ==>> 期望结果：OK， 实际结果：【 OK 】
[2022-06-03 01:02:24,403][test_01_login.py 43][INFO]: code ==>> 期望结果：OK， 实际结果：【 OK 】
[2022-06-03 01:03:25,532][test_01_login.py 43][INFO]: code ==>> 期望结果：OK， 实际结果：【 OK 】
[2022-06-03 01:04:04,244][test_01_login.py 43][INFO]: code ==>> 期望结果：OK， 实际结果：【 OK 】
[2022-06-03 01:04:28,049][test_01_login.py 43][INFO]: code ==>> 期望结果：OK， 实际结果：【 OK 】
[2022-06-03 01:05:21,134][test_01_login.py 43][INFO]: code ==>> 期望结果：OK， 实际结果：【 OK 】
[2022-06-03 01:05:21,415][test_02_channel.py 30][INFO]: code ==>> 期望结果：OK， 实际结果：【 OK 】
[2022-06-03 01:07:09,384][test_01_login.py 43][INFO]: code ==>> 期望结果：OK， 实际结果：【 OK 】
[2022-06-03 01:07:09,654][test_02_channel.py 30][INFO]: code ==>> 期望结果：OK， 实际结果：【 OK 】
[2022-06-03 01:17:29,623][test_01_login.py 43][INFO]: code ==>> 期望结果：OK， 实际结果：【 OK 】
[2022-06-03 01:20:36,795][test_01_login.py 43][INFO]: code ==>> 期望结果：OK， 实际结果：【 OK 】
[2022-06-03 01:20:37,064][test_02_channel.py 29][INFO]: code ==>> 期望结果：OK， 实际结果：【 OK 】
[2022-06-03 01:26:43,515][test_01_login.py 43][INFO]: code ==>> 期望结果：OK， 实际结果：【 OK 】
[2022-06-03 01:26:43,741][test_02_channel.py 29][INFO]: code ==>> 期望结果：OK， 实际结果：【 OK 】
[2022-06-03 01:27:14,642][test_01_login.py 43][INFO]: code ==>> 期望结果：OK， 实际结果：【 OK 】
[2022-06-03 01:27:14,876][test_02_channel.py 29][INFO]: code ==>> 期望结果：OK， 实际结果：【 OK 】
[2022-06-03 01:28:22,425][test_01_login.py 43][INFO]: code ==>> 期望结果：OK， 实际结果：【 OK 】
[2022-06-03 01:28:22,662][test_02_channel.py 29][INFO]: code ==>> 期望结果：OK， 实际结果：【 OK 】
[2022-06-03 01:29:04,032][test_01_login.py 43][INFO]: code ==>> 期望结果：OK， 实际结果：【 OK 】
[2022-06-03 01:29:04,278][test_02_channel.py 29][INFO]: code ==>> 期望结果：OK， 实际结果：【 OK 】
